<?xml version="1.0" encoding="UTF-8"?>
<!-- Generated by org.testng.reporters.JUnitReportReporter -->
<testsuite hostname="Atif-Khan" failures="0" tests="1" name="introduction.testng1" time="0.007" errors="0" timestamp="2022-02-16T23:18:56 IST" skipped="0">
  <testcase classname="introduction.testng1" name="demo" time="0.007"/>
  <system-out/>
</testsuite> <!-- introduction.testng1 -->
